[20-Jan-2020 23:36:47 Asia/Tokyo] POSTされた！
[20-Jan-2020 23:36:50 Asia/Tokyo] POSTされた！
[20-Jan-2020 23:36:53 Asia/Tokyo] POSTされた！
[20-Jan-2020 23:36:55 Asia/Tokyo] POSTされた！
[20-Jan-2020 23:36:57 Asia/Tokyo] POSTされた！
[20-Jan-2020 23:37:00 Asia/Tokyo] POSTされた！
[20-Jan-2020 23:37:00 Asia/Tokyo] PHP Warning:  error_log() expects parameter 1 to be string, object given in /Applications/MAMP/htdocs/objective/objective_homework/objective_homework04/index.php on line 191
[20-Jan-2020 23:37:05 Asia/Tokyo] POSTされた！
[20-Jan-2020 23:37:24 Asia/Tokyo] POSTされた！
[20-Jan-2020 23:37:26 Asia/Tokyo] POSTされた！
[20-Jan-2020 23:37:32 Asia/Tokyo] POSTされた！
[20-Jan-2020 23:37:35 Asia/Tokyo] POSTされた！
[20-Jan-2020 23:37:37 Asia/Tokyo] POSTされた！
[20-Jan-2020 23:37:40 Asia/Tokyo] POSTされた！
[20-Jan-2020 23:38:06 Asia/Tokyo] POSTされた！
[20-Jan-2020 23:38:08 Asia/Tokyo] POSTされた！
[20-Jan-2020 23:38:10 Asia/Tokyo] POSTされた！
[20-Jan-2020 23:38:59 Asia/Tokyo] POSTされた！
[20-Jan-2020 23:39:06 Asia/Tokyo] POSTされた！
[20-Jan-2020 23:56:59 Asia/Tokyo] POSTされた！
[20-Jan-2020 23:59:54 Asia/Tokyo] POSTされた！
[20-Jan-2020 23:59:56 Asia/Tokyo] POSTされた！
[20-Jan-2020 23:59:59 Asia/Tokyo] POSTされた！
[21-Jan-2020 00:00:01 Asia/Tokyo] POSTされた！
[21-Jan-2020 00:00:02 Asia/Tokyo] POSTされた！
[21-Jan-2020 00:00:04 Asia/Tokyo] POSTされた！
[21-Jan-2020 00:00:04 Asia/Tokyo] PHP Notice:  Undefined index: monstercategory in /Applications/MAMP/htdocs/objective/objective_homework/objective_homework04/index.php on line 191
[21-Jan-2020 00:08:03 Asia/Tokyo] POSTされた！
[21-Jan-2020 00:08:40 Asia/Tokyo] POSTされた！
[21-Jan-2020 00:08:48 Asia/Tokyo] POSTされた！
[21-Jan-2020 00:08:52 Asia/Tokyo] POSTされた！
[21-Jan-2020 00:08:55 Asia/Tokyo] POSTされた！
[21-Jan-2020 00:08:59 Asia/Tokyo] POSTされた！
[21-Jan-2020 00:09:00 Asia/Tokyo] POSTされた！
[21-Jan-2020 00:09:03 Asia/Tokyo] POSTされた！
[21-Jan-2020 00:09:05 Asia/Tokyo] POSTされた！
[21-Jan-2020 00:09:10 Asia/Tokyo] POSTされた！
[21-Jan-2020 00:09:29 Asia/Tokyo] POSTされた！
[21-Jan-2020 00:09:30 Asia/Tokyo] POSTされた！
[21-Jan-2020 00:09:37 Asia/Tokyo] POSTされた！
[21-Jan-2020 00:09:39 Asia/Tokyo] POSTされた！
[21-Jan-2020 00:09:41 Asia/Tokyo] POSTされた！
[21-Jan-2020 00:09:44 Asia/Tokyo] POSTされた！
[21-Jan-2020 00:09:51 Asia/Tokyo] POSTされた！
[21-Jan-2020 00:09:59 Asia/Tokyo] POSTされた！
[21-Jan-2020 23:17:52 Asia/Tokyo] POSTされた！
[21-Jan-2020 23:17:56 Asia/Tokyo] POSTされた！
[21-Jan-2020 23:17:57 Asia/Tokyo] POSTされた！
[21-Jan-2020 23:17:57 Asia/Tokyo] POSTされた！
[21-Jan-2020 23:17:58 Asia/Tokyo] POSTされた！
[21-Jan-2020 23:17:58 Asia/Tokyo] POSTされた！
[21-Jan-2020 23:17:58 Asia/Tokyo] POSTされた！
[21-Jan-2020 23:17:58 Asia/Tokyo] POSTされた！
[21-Jan-2020 23:17:59 Asia/Tokyo] POSTされた！
[21-Jan-2020 23:17:59 Asia/Tokyo] POSTされた！
[21-Jan-2020 23:17:59 Asia/Tokyo] POSTされた！
[21-Jan-2020 23:17:59 Asia/Tokyo] POSTされた！
[21-Jan-2020 23:17:59 Asia/Tokyo] POSTされた！
[21-Jan-2020 23:18:00 Asia/Tokyo] POSTされた！
[21-Jan-2020 23:18:00 Asia/Tokyo] POSTされた！
[21-Jan-2020 23:18:00 Asia/Tokyo] POSTされた！
[21-Jan-2020 23:18:00 Asia/Tokyo] POSTされた！
[21-Jan-2020 23:18:00 Asia/Tokyo] POSTされた！
[21-Jan-2020 23:18:01 Asia/Tokyo] POSTされた！
[21-Jan-2020 23:18:01 Asia/Tokyo] POSTされた！
[21-Jan-2020 23:18:01 Asia/Tokyo] POSTされた！
[21-Jan-2020 23:18:01 Asia/Tokyo] POSTされた！
[21-Jan-2020 23:18:01 Asia/Tokyo] POSTされた！
[21-Jan-2020 23:18:02 Asia/Tokyo] POSTされた！
[21-Jan-2020 23:18:02 Asia/Tokyo] POSTされた！
[21-Jan-2020 23:18:02 Asia/Tokyo] POSTされた！
[21-Jan-2020 23:18:02 Asia/Tokyo] POSTされた！
[21-Jan-2020 23:18:02 Asia/Tokyo] POSTされた！
[21-Jan-2020 23:18:03 Asia/Tokyo] POSTされた！
[21-Jan-2020 23:18:03 Asia/Tokyo] POSTされた！
[21-Jan-2020 23:18:03 Asia/Tokyo] POSTされた！
[21-Jan-2020 23:18:03 Asia/Tokyo] POSTされた！
[21-Jan-2020 23:18:04 Asia/Tokyo] POSTされた！
[21-Jan-2020 23:18:04 Asia/Tokyo] POSTされた！
[21-Jan-2020 23:18:06 Asia/Tokyo] POSTされた！
[21-Jan-2020 23:18:07 Asia/Tokyo] POSTされた！
[21-Jan-2020 23:18:08 Asia/Tokyo] POSTされた！
[21-Jan-2020 23:18:09 Asia/Tokyo] POSTされた！
[21-Jan-2020 23:18:10 Asia/Tokyo] POSTされた！
[21-Jan-2020 23:18:11 Asia/Tokyo] POSTされた！
[21-Jan-2020 23:18:15 Asia/Tokyo] POSTされた！
[21-Jan-2020 23:18:16 Asia/Tokyo] POSTされた！
[21-Jan-2020 23:18:17 Asia/Tokyo] POSTされた！
[21-Jan-2020 23:18:18 Asia/Tokyo] POSTされた！
[21-Jan-2020 23:18:19 Asia/Tokyo] POSTされた！
[21-Jan-2020 23:18:20 Asia/Tokyo] POSTされた！
[21-Jan-2020 23:18:21 Asia/Tokyo] POSTされた！
[21-Jan-2020 23:18:39 Asia/Tokyo] POSTされた！
[21-Jan-2020 23:18:40 Asia/Tokyo] POSTされた！
[21-Jan-2020 23:18:41 Asia/Tokyo] POSTされた！
[21-Jan-2020 23:18:42 Asia/Tokyo] POSTされた！
[21-Jan-2020 23:18:44 Asia/Tokyo] POSTされた！
[21-Jan-2020 23:18:45 Asia/Tokyo] POSTされた！
[21-Jan-2020 23:18:46 Asia/Tokyo] POSTされた！
[21-Jan-2020 23:18:47 Asia/Tokyo] POSTされた！
[21-Jan-2020 23:18:48 Asia/Tokyo] POSTされた！
[21-Jan-2020 23:18:50 Asia/Tokyo] POSTされた！
[21-Jan-2020 23:18:51 Asia/Tokyo] POSTされた！
[21-Jan-2020 23:18:51 Asia/Tokyo] POSTされた！
[21-Jan-2020 23:18:52 Asia/Tokyo] POSTされた！
[21-Jan-2020 23:18:52 Asia/Tokyo] POSTされた！
[21-Jan-2020 23:18:54 Asia/Tokyo] POSTされた！
[21-Jan-2020 23:18:54 Asia/Tokyo] POSTされた！
[21-Jan-2020 23:18:55 Asia/Tokyo] POSTされた！
[21-Jan-2020 23:18:56 Asia/Tokyo] POSTされた！
[21-Jan-2020 23:18:57 Asia/Tokyo] POSTされた！
[21-Jan-2020 23:18:58 Asia/Tokyo] POSTされた！
[21-Jan-2020 23:18:58 Asia/Tokyo] POSTされた！
[21-Jan-2020 23:18:59 Asia/Tokyo] POSTされた！
[21-Jan-2020 23:19:00 Asia/Tokyo] POSTされた！
[21-Jan-2020 23:19:02 Asia/Tokyo] POSTされた！
[21-Jan-2020 23:19:22 Asia/Tokyo] POSTされた！
[21-Jan-2020 23:19:23 Asia/Tokyo] POSTされた！
[21-Jan-2020 23:19:24 Asia/Tokyo] POSTされた！
[21-Jan-2020 23:19:25 Asia/Tokyo] POSTされた！
[21-Jan-2020 23:19:25 Asia/Tokyo] POSTされた！
[21-Jan-2020 23:19:26 Asia/Tokyo] POSTされた！
[21-Jan-2020 23:19:27 Asia/Tokyo] POSTされた！
[21-Jan-2020 23:19:27 Asia/Tokyo] POSTされた！
[21-Jan-2020 23:19:28 Asia/Tokyo] POSTされた！
[21-Jan-2020 23:19:29 Asia/Tokyo] POSTされた！
[21-Jan-2020 23:19:30 Asia/Tokyo] POSTされた！
[21-Jan-2020 23:19:31 Asia/Tokyo] POSTされた！
[21-Jan-2020 23:19:32 Asia/Tokyo] POSTされた！
[21-Jan-2020 23:19:38 Asia/Tokyo] POSTされた！
[21-Jan-2020 23:19:40 Asia/Tokyo] POSTされた！
[21-Jan-2020 23:23:57 Asia/Tokyo] POSTされた！
[22-Jan-2020 01:30:36 Asia/Tokyo] POSTされた！
[22-Jan-2020 01:30:41 Asia/Tokyo] POSTされた！
[22-Jan-2020 01:30:47 Asia/Tokyo] POSTされた！
[22-Jan-2020 01:30:49 Asia/Tokyo] POSTされた！
[22-Jan-2020 01:30:57 Asia/Tokyo] POSTされた！
[22-Jan-2020 01:30:59 Asia/Tokyo] POSTされた！
[22-Jan-2020 01:31:02 Asia/Tokyo] POSTされた！
[22-Jan-2020 01:31:03 Asia/Tokyo] POSTされた！
[22-Jan-2020 01:31:04 Asia/Tokyo] POSTされた！
[22-Jan-2020 01:31:05 Asia/Tokyo] POSTされた！
[22-Jan-2020 01:31:05 Asia/Tokyo] POSTされた！
[22-Jan-2020 01:31:06 Asia/Tokyo] POSTされた！
[22-Jan-2020 01:31:06 Asia/Tokyo] POSTされた！
[22-Jan-2020 01:31:06 Asia/Tokyo] POSTされた！
[22-Jan-2020 01:31:07 Asia/Tokyo] POSTされた！
[22-Jan-2020 01:31:07 Asia/Tokyo] POSTされた！
[22-Jan-2020 01:31:07 Asia/Tokyo] POSTされた！
[22-Jan-2020 01:31:08 Asia/Tokyo] POSTされた！
[22-Jan-2020 01:31:08 Asia/Tokyo] POSTされた！
[22-Jan-2020 01:31:08 Asia/Tokyo] POSTされた！
[22-Jan-2020 01:31:09 Asia/Tokyo] POSTされた！
[22-Jan-2020 01:31:09 Asia/Tokyo] POSTされた！
[22-Jan-2020 01:31:09 Asia/Tokyo] POSTされた！
[22-Jan-2020 01:31:09 Asia/Tokyo] POSTされた！
[22-Jan-2020 01:31:10 Asia/Tokyo] POSTされた！
[22-Jan-2020 01:31:10 Asia/Tokyo] POSTされた！
[22-Jan-2020 01:31:10 Asia/Tokyo] POSTされた！
[22-Jan-2020 01:31:11 Asia/Tokyo] POSTされた！
[22-Jan-2020 01:31:11 Asia/Tokyo] POSTされた！
[22-Jan-2020 01:31:12 Asia/Tokyo] POSTされた！
[22-Jan-2020 01:31:12 Asia/Tokyo] POSTされた！
[22-Jan-2020 01:31:13 Asia/Tokyo] POSTされた！
[22-Jan-2020 01:31:13 Asia/Tokyo] POSTされた！
[22-Jan-2020 01:31:14 Asia/Tokyo] POSTされた！
[22-Jan-2020 01:31:15 Asia/Tokyo] POSTされた！
[22-Jan-2020 01:31:15 Asia/Tokyo] POSTされた！
[22-Jan-2020 01:31:16 Asia/Tokyo] POSTされた！
[22-Jan-2020 01:31:17 Asia/Tokyo] POSTされた！
[22-Jan-2020 01:31:17 Asia/Tokyo] POSTされた！
[22-Jan-2020 01:31:18 Asia/Tokyo] POSTされた！
[22-Jan-2020 01:31:19 Asia/Tokyo] POSTされた！
[22-Jan-2020 01:31:19 Asia/Tokyo] POSTされた！
[22-Jan-2020 01:31:20 Asia/Tokyo] POSTされた！
[22-Jan-2020 01:31:20 Asia/Tokyo] POSTされた！
[22-Jan-2020 01:31:21 Asia/Tokyo] POSTされた！
[22-Jan-2020 01:31:21 Asia/Tokyo] POSTされた！
[22-Jan-2020 01:31:22 Asia/Tokyo] POSTされた！
[22-Jan-2020 01:31:23 Asia/Tokyo] POSTされた！
[22-Jan-2020 01:31:24 Asia/Tokyo] POSTされた！
[22-Jan-2020 01:31:25 Asia/Tokyo] POSTされた！
[22-Jan-2020 01:31:26 Asia/Tokyo] POSTされた！
[22-Jan-2020 01:31:26 Asia/Tokyo] POSTされた！
[22-Jan-2020 01:31:27 Asia/Tokyo] POSTされた！
[22-Jan-2020 01:31:27 Asia/Tokyo] POSTされた！
[22-Jan-2020 01:31:28 Asia/Tokyo] POSTされた！
[22-Jan-2020 01:31:29 Asia/Tokyo] POSTされた！
[22-Jan-2020 01:31:29 Asia/Tokyo] POSTされた！
[22-Jan-2020 01:31:30 Asia/Tokyo] POSTされた！
[22-Jan-2020 01:31:31 Asia/Tokyo] POSTされた！
[22-Jan-2020 01:31:32 Asia/Tokyo] POSTされた！
[22-Jan-2020 01:31:32 Asia/Tokyo] POSTされた！
[22-Jan-2020 01:31:33 Asia/Tokyo] POSTされた！
[22-Jan-2020 01:31:34 Asia/Tokyo] POSTされた！
[22-Jan-2020 01:31:35 Asia/Tokyo] POSTされた！
[22-Jan-2020 01:31:35 Asia/Tokyo] POSTされた！
[22-Jan-2020 01:31:37 Asia/Tokyo] POSTされた！
[22-Jan-2020 01:31:38 Asia/Tokyo] POSTされた！
[22-Jan-2020 01:31:39 Asia/Tokyo] POSTされた！
[22-Jan-2020 01:31:39 Asia/Tokyo] POSTされた！
[22-Jan-2020 01:31:40 Asia/Tokyo] POSTされた！
[22-Jan-2020 01:31:41 Asia/Tokyo] POSTされた！
[22-Jan-2020 01:31:42 Asia/Tokyo] POSTされた！
[22-Jan-2020 01:31:43 Asia/Tokyo] POSTされた！
[22-Jan-2020 01:31:44 Asia/Tokyo] POSTされた！
[22-Jan-2020 01:31:44 Asia/Tokyo] POSTされた！
[22-Jan-2020 01:31:45 Asia/Tokyo] POSTされた！
[22-Jan-2020 01:31:47 Asia/Tokyo] POSTされた！
[22-Jan-2020 01:31:48 Asia/Tokyo] POSTされた！
[22-Jan-2020 01:31:49 Asia/Tokyo] POSTされた！
[22-Jan-2020 01:31:49 Asia/Tokyo] POSTされた！
[22-Jan-2020 01:31:51 Asia/Tokyo] POSTされた！
[22-Jan-2020 01:31:54 Asia/Tokyo] POSTされた！
[22-Jan-2020 01:31:55 Asia/Tokyo] POSTされた！
[22-Jan-2020 01:31:58 Asia/Tokyo] POSTされた！
[22-Jan-2020 01:31:59 Asia/Tokyo] POSTされた！
[22-Jan-2020 02:08:16 Asia/Tokyo] PHP Fatal error:  Uncaught ArgumentCountError: Too few arguments to function BossMonster::__construct(), 9 passed in /Applications/MAMP/htdocs/objective/objective_homework/objective_homework05/index.php on line 407 and exactly 10 expected in /Applications/MAMP/htdocs/objective/objective_homework/objective_homework05/index.php:326
Stack trace:
#0 /Applications/MAMP/htdocs/objective/objective_homework/objective_homework05/index.php(407): BossMonster->__construct('Dracula', 4, 500, 500, 'img/bossmonster...', 50, 80, 10, 100)
#1 {main}
  thrown in /Applications/MAMP/htdocs/objective/objective_homework/objective_homework05/index.php on line 326
[22-Jan-2020 02:42:44 Asia/Tokyo] PHP Notice:  Undefined variable: healMax in /Applications/MAMP/htdocs/objective/objective_homework/objective_homework05/index.php on line 326
[22-Jan-2020 02:42:47 Asia/Tokyo] PHP Notice:  Undefined variable: healMax in /Applications/MAMP/htdocs/objective/objective_homework/objective_homework05/index.php on line 326
[22-Jan-2020 02:42:47 Asia/Tokyo] POSTされた！
[22-Jan-2020 02:44:02 Asia/Tokyo] PHP Notice:  Undefined variable: healMax in /Applications/MAMP/htdocs/objective/objective_homework/objective_homework05/index.php on line 326
[22-Jan-2020 02:47:01 Asia/Tokyo] PHP Fatal error:  Uncaught ArgumentCountError: Too few arguments to function Monster::__construct(), 8 passed in /Applications/MAMP/htdocs/objective/objective_homework/objective_homework05/index.php on line 326 and exactly 9 expected in /Applications/MAMP/htdocs/objective/objective_homework/objective_homework05/index.php:257
Stack trace:
#0 /Applications/MAMP/htdocs/objective/objective_homework/objective_homework05/index.php(326): Monster->__construct('Dracula', 4, 500, 500, 'img/bossmonster...', 50, 80, 10)
#1 /Applications/MAMP/htdocs/objective/objective_homework/objective_homework05/index.php(410): BossMonster->__construct('Dracula', 4, 500, 500, 500, 'img/bossmonster...', 50, 80, 10, 100)
#2 {main}
  thrown in /Applications/MAMP/htdocs/objective/objective_homework/objective_homework05/index.php on line 257
[22-Jan-2020 02:47:12 Asia/Tokyo] PHP Notice:  Undefined variable: healMax in /Applications/MAMP/htdocs/objective/objective_homework/objective_homework05/index.php on line 326
[22-Jan-2020 02:49:01 Asia/Tokyo] POSTされた！
[22-Jan-2020 02:49:03 Asia/Tokyo] POSTされた！
[22-Jan-2020 02:49:03 Asia/Tokyo] POSTされた！
[22-Jan-2020 02:49:04 Asia/Tokyo] POSTされた！
[22-Jan-2020 02:49:04 Asia/Tokyo] POSTされた！
[22-Jan-2020 02:49:04 Asia/Tokyo] POSTされた！
[22-Jan-2020 02:49:04 Asia/Tokyo] POSTされた！
[22-Jan-2020 02:49:04 Asia/Tokyo] POSTされた！
[22-Jan-2020 02:49:05 Asia/Tokyo] POSTされた！
[22-Jan-2020 02:49:05 Asia/Tokyo] POSTされた！
[22-Jan-2020 02:49:05 Asia/Tokyo] POSTされた！
[22-Jan-2020 02:49:10 Asia/Tokyo] POSTされた！
[22-Jan-2020 02:49:11 Asia/Tokyo] POSTされた！
[22-Jan-2020 22:16:16 Asia/Tokyo] POSTされた！
[22-Jan-2020 22:16:22 Asia/Tokyo] POSTされた！
[22-Jan-2020 22:16:25 Asia/Tokyo] POSTされた！
[22-Jan-2020 22:16:27 Asia/Tokyo] POSTされた！
[22-Jan-2020 22:16:29 Asia/Tokyo] POSTされた！
[22-Jan-2020 22:16:31 Asia/Tokyo] POSTされた！
[22-Jan-2020 22:16:33 Asia/Tokyo] POSTされた！
[22-Jan-2020 22:16:35 Asia/Tokyo] POSTされた！
[22-Jan-2020 22:16:39 Asia/Tokyo] POSTされた！
[22-Jan-2020 22:16:41 Asia/Tokyo] POSTされた！
[22-Jan-2020 22:16:42 Asia/Tokyo] POSTされた！
[22-Jan-2020 22:16:44 Asia/Tokyo] POSTされた！
[22-Jan-2020 22:16:47 Asia/Tokyo] POSTされた！
[22-Jan-2020 22:16:49 Asia/Tokyo] POSTされた！
[22-Jan-2020 22:16:50 Asia/Tokyo] POSTされた！
[22-Jan-2020 22:16:53 Asia/Tokyo] POSTされた！
[22-Jan-2020 22:16:56 Asia/Tokyo] POSTされた！
[22-Jan-2020 22:16:58 Asia/Tokyo] POSTされた！
[22-Jan-2020 22:17:00 Asia/Tokyo] POSTされた！
[22-Jan-2020 22:17:04 Asia/Tokyo] POSTされた！
[22-Jan-2020 22:17:06 Asia/Tokyo] POSTされた！
[22-Jan-2020 22:17:12 Asia/Tokyo] POSTされた！
[22-Jan-2020 22:17:14 Asia/Tokyo] POSTされた！
[22-Jan-2020 22:17:17 Asia/Tokyo] POSTされた！
[22-Jan-2020 22:17:18 Asia/Tokyo] POSTされた！
[22-Jan-2020 22:17:20 Asia/Tokyo] POSTされた！
[22-Jan-2020 22:17:29 Asia/Tokyo] POSTされた！
[22-Jan-2020 22:17:31 Asia/Tokyo] POSTされた！
[22-Jan-2020 22:17:33 Asia/Tokyo] POSTされた！
[22-Jan-2020 22:17:34 Asia/Tokyo] POSTされた！
[22-Jan-2020 22:17:35 Asia/Tokyo] POSTされた！
[22-Jan-2020 22:17:37 Asia/Tokyo] POSTされた！
[22-Jan-2020 22:17:38 Asia/Tokyo] POSTされた！
[22-Jan-2020 22:17:40 Asia/Tokyo] POSTされた！
[22-Jan-2020 22:17:41 Asia/Tokyo] POSTされた！
[22-Jan-2020 22:17:43 Asia/Tokyo] POSTされた！
[22-Jan-2020 22:17:44 Asia/Tokyo] POSTされた！
[22-Jan-2020 22:17:45 Asia/Tokyo] POSTされた！
[22-Jan-2020 22:17:46 Asia/Tokyo] POSTされた！
[22-Jan-2020 22:17:48 Asia/Tokyo] POSTされた！
[22-Jan-2020 22:17:49 Asia/Tokyo] POSTされた！
[22-Jan-2020 22:17:50 Asia/Tokyo] POSTされた！
[22-Jan-2020 22:17:51 Asia/Tokyo] POSTされた！
[22-Jan-2020 22:17:54 Asia/Tokyo] POSTされた！
[22-Jan-2020 22:17:57 Asia/Tokyo] POSTされた！
[22-Jan-2020 22:17:58 Asia/Tokyo] POSTされた！
[22-Jan-2020 22:18:00 Asia/Tokyo] POSTされた！
[22-Jan-2020 22:18:01 Asia/Tokyo] POSTされた！
[22-Jan-2020 22:18:03 Asia/Tokyo] POSTされた！
[22-Jan-2020 22:18:06 Asia/Tokyo] POSTされた！
[22-Jan-2020 22:18:08 Asia/Tokyo] POSTされた！
[22-Jan-2020 22:18:09 Asia/Tokyo] POSTされた！
[22-Jan-2020 22:18:11 Asia/Tokyo] POSTされた！
[22-Jan-2020 22:18:16 Asia/Tokyo] POSTされた！
[22-Jan-2020 22:18:19 Asia/Tokyo] POSTされた！
[22-Jan-2020 22:18:20 Asia/Tokyo] POSTされた！
[22-Jan-2020 22:18:22 Asia/Tokyo] POSTされた！
[22-Jan-2020 22:18:24 Asia/Tokyo] POSTされた！
[22-Jan-2020 22:18:25 Asia/Tokyo] POSTされた！
[22-Jan-2020 22:18:26 Asia/Tokyo] POSTされた！
[22-Jan-2020 22:18:28 Asia/Tokyo] POSTされた！
[22-Jan-2020 22:18:29 Asia/Tokyo] POSTされた！
[22-Jan-2020 22:18:32 Asia/Tokyo] POSTされた！
[22-Jan-2020 22:18:33 Asia/Tokyo] POSTされた！
[22-Jan-2020 22:18:35 Asia/Tokyo] POSTされた！
[22-Jan-2020 22:18:36 Asia/Tokyo] POSTされた！
[22-Jan-2020 22:18:38 Asia/Tokyo] POSTされた！
[22-Jan-2020 22:18:39 Asia/Tokyo] POSTされた！
[22-Jan-2020 22:18:40 Asia/Tokyo] POSTされた！
[22-Jan-2020 22:18:42 Asia/Tokyo] POSTされた！
[22-Jan-2020 22:18:43 Asia/Tokyo] POSTされた！
[22-Jan-2020 22:18:45 Asia/Tokyo] POSTされた！
[22-Jan-2020 22:18:47 Asia/Tokyo] POSTされた！
[22-Jan-2020 22:18:49 Asia/Tokyo] POSTされた！
[22-Jan-2020 22:18:50 Asia/Tokyo] POSTされた！
[22-Jan-2020 22:18:51 Asia/Tokyo] POSTされた！
[22-Jan-2020 22:18:53 Asia/Tokyo] POSTされた！
[22-Jan-2020 22:18:54 Asia/Tokyo] POSTされた！
[22-Jan-2020 22:18:56 Asia/Tokyo] POSTされた！
[22-Jan-2020 22:18:58 Asia/Tokyo] POSTされた！
[22-Jan-2020 22:18:59 Asia/Tokyo] POSTされた！
[22-Jan-2020 22:18:59 Asia/Tokyo] PHP Fatal error:  Uncaught Error: Access to undeclared static property: BossMonster::$attackMin in /Applications/MAMP/htdocs/objective/objective_homework/objective_homework05/index.php:330
Stack trace:
#0 /Applications/MAMP/htdocs/objective/objective_homework/objective_homework05/index.php(407): BossMonster->__construct('Dracula', 4, 500, 500, 500, 'img/bossmonster...', 50, 80, 10, 100)
#1 /Applications/MAMP/htdocs/objective/objective_homework/objective_homework05/index.php(593): createCreature()
#2 {main}
  thrown in /Applications/MAMP/htdocs/objective/objective_homework/objective_homework05/index.php on line 330
[22-Jan-2020 22:19:21 Asia/Tokyo] POSTされた！
[22-Jan-2020 22:19:21 Asia/Tokyo] PHP Notice:  Undefined index: monstercategory in /Applications/MAMP/htdocs/objective/objective_homework/objective_homework05/index.php on line 416
[22-Jan-2020 22:19:21 Asia/Tokyo] PHP Fatal error:  Uncaught Error: Call to a member function getMonstercategory() on null in /Applications/MAMP/htdocs/objective/objective_homework/objective_homework05/index.php:416
Stack trace:
#0 /Applications/MAMP/htdocs/objective/objective_homework/objective_homework05/index.php(641): createCreature()
#1 {main}
  thrown in /Applications/MAMP/htdocs/objective/objective_homework/objective_homework05/index.php on line 416
[22-Jan-2020 22:19:40 Asia/Tokyo] POSTされた！
[22-Jan-2020 22:19:42 Asia/Tokyo] POSTされた！
[22-Jan-2020 23:24:03 Asia/Tokyo] POSTされた！
[22-Jan-2020 23:24:06 Asia/Tokyo] POSTされた！
[22-Jan-2020 23:24:07 Asia/Tokyo] POSTされた！
[22-Jan-2020 23:24:10 Asia/Tokyo] POSTされた！
[22-Jan-2020 23:24:12 Asia/Tokyo] POSTされた！
[22-Jan-2020 23:24:15 Asia/Tokyo] POSTされた！
[22-Jan-2020 23:24:16 Asia/Tokyo] POSTされた！
[22-Jan-2020 23:24:18 Asia/Tokyo] POSTされた！
[22-Jan-2020 23:24:20 Asia/Tokyo] POSTされた！
[22-Jan-2020 23:24:22 Asia/Tokyo] POSTされた！
[22-Jan-2020 23:24:23 Asia/Tokyo] POSTされた！
[22-Jan-2020 23:24:25 Asia/Tokyo] POSTされた！
[22-Jan-2020 23:24:26 Asia/Tokyo] POSTされた！
[22-Jan-2020 23:24:27 Asia/Tokyo] POSTされた！
[22-Jan-2020 23:24:29 Asia/Tokyo] POSTされた！
[22-Jan-2020 23:24:31 Asia/Tokyo] POSTされた！
[22-Jan-2020 23:24:32 Asia/Tokyo] POSTされた！
[22-Jan-2020 23:24:34 Asia/Tokyo] POSTされた！
[22-Jan-2020 23:24:35 Asia/Tokyo] POSTされた！
[22-Jan-2020 23:24:37 Asia/Tokyo] POSTされた！
[22-Jan-2020 23:24:40 Asia/Tokyo] POSTされた！
[22-Jan-2020 23:26:15 Asia/Tokyo] POSTされた！
[22-Jan-2020 23:26:19 Asia/Tokyo] POSTされた！
[22-Jan-2020 23:26:21 Asia/Tokyo] POSTされた！
[22-Jan-2020 23:26:24 Asia/Tokyo] POSTされた！
[22-Jan-2020 23:26:26 Asia/Tokyo] POSTされた！
[22-Jan-2020 23:26:28 Asia/Tokyo] POSTされた！
[22-Jan-2020 23:26:31 Asia/Tokyo] POSTされた！
[22-Jan-2020 23:26:34 Asia/Tokyo] POSTされた！
[22-Jan-2020 23:26:36 Asia/Tokyo] POSTされた！
[22-Jan-2020 23:26:37 Asia/Tokyo] POSTされた！
[22-Jan-2020 23:26:37 Asia/Tokyo] PHP Notice:  Undefined index: monster in /Applications/MAMP/htdocs/objective/objective_homework/objective_homework05/index.php on line 642
[22-Jan-2020 23:26:45 Asia/Tokyo] POSTされた！
[22-Jan-2020 23:29:02 Asia/Tokyo] POSTされた！
[22-Jan-2020 23:29:16 Asia/Tokyo] POSTされた！
[22-Jan-2020 23:29:19 Asia/Tokyo] POSTされた！
[22-Jan-2020 23:29:22 Asia/Tokyo] POSTされた！
[22-Jan-2020 23:29:25 Asia/Tokyo] POSTされた！
[22-Jan-2020 23:29:28 Asia/Tokyo] POSTされた！
[22-Jan-2020 23:29:32 Asia/Tokyo] POSTされた！
[22-Jan-2020 23:29:34 Asia/Tokyo] POSTされた！
[22-Jan-2020 23:29:37 Asia/Tokyo] POSTされた！
[22-Jan-2020 23:30:17 Asia/Tokyo] POSTされた！
[22-Jan-2020 23:32:28 Asia/Tokyo] POSTされた！
[22-Jan-2020 23:32:30 Asia/Tokyo] POSTされた！
[22-Jan-2020 23:32:32 Asia/Tokyo] POSTされた！
[22-Jan-2020 23:32:34 Asia/Tokyo] POSTされた！
[22-Jan-2020 23:32:36 Asia/Tokyo] POSTされた！
[22-Jan-2020 23:32:37 Asia/Tokyo] POSTされた！
[22-Jan-2020 23:41:43 Asia/Tokyo] POSTされた！
[22-Jan-2020 23:41:45 Asia/Tokyo] POSTされた！
[22-Jan-2020 23:41:45 Asia/Tokyo] PHP Notice:  Undefined index: monstercategory in /Applications/MAMP/htdocs/objective/objective_homework/objective_homework05/index.php on line 416
[22-Jan-2020 23:41:45 Asia/Tokyo] PHP Fatal error:  Uncaught Error: Call to a member function getMonstercategory() on null in /Applications/MAMP/htdocs/objective/objective_homework/objective_homework05/index.php:416
Stack trace:
#0 /Applications/MAMP/htdocs/objective/objective_homework/objective_homework05/index.php(630): createCreature()
#1 {main}
  thrown in /Applications/MAMP/htdocs/objective/objective_homework/objective_homework05/index.php on line 416
[23-Jan-2020 00:14:08 Asia/Tokyo] PHP Notice:  Undefined index: monstercategory in /Applications/MAMP/htdocs/objective/objective_homework/objective_homework05/index.php on line 720
[23-Jan-2020 01:11:02 Asia/Tokyo] POSTされた！
[23-Jan-2020 01:11:02 Asia/Tokyo] PHP Fatal error:  Uncaught Error: Using $this when not in object context in /Applications/MAMP/htdocs/objective/objective_homework/objective_homework05/index.php:415
Stack trace:
#0 /Applications/MAMP/htdocs/objective/objective_homework/objective_homework05/index.php(639): createCreature()
#1 {main}
  thrown in /Applications/MAMP/htdocs/objective/objective_homework/objective_homework05/index.php on line 415
[23-Jan-2020 01:11:16 Asia/Tokyo] PHP Notice:  Undefined index: monstercategory in /Applications/MAMP/htdocs/objective/objective_homework/objective_homework05/index.php on line 720
[23-Jan-2020 01:14:35 Asia/Tokyo] PHP Notice:  Undefined index: monstercategory in /Applications/MAMP/htdocs/objective/objective_homework/objective_homework05/index.php on line 720
[23-Jan-2020 01:14:38 Asia/Tokyo] POSTされた！
[23-Jan-2020 01:14:38 Asia/Tokyo] PHP Fatal error:  Uncaught Error: Using $this when not in object context in /Applications/MAMP/htdocs/objective/objective_homework/objective_homework05/index.php:415
Stack trace:
#0 /Applications/MAMP/htdocs/objective/objective_homework/objective_homework05/index.php(639): createCreature()
#1 {main}
  thrown in /Applications/MAMP/htdocs/objective/objective_homework/objective_homework05/index.php on line 415
[23-Jan-2020 01:14:39 Asia/Tokyo] PHP Notice:  Undefined index: monstercategory in /Applications/MAMP/htdocs/objective/objective_homework/objective_homework05/index.php on line 720
[23-Jan-2020 01:14:45 Asia/Tokyo] POSTされた！
[23-Jan-2020 01:14:45 Asia/Tokyo] PHP Fatal error:  Uncaught Error: Using $this when not in object context in /Applications/MAMP/htdocs/objective/objective_homework/objective_homework05/index.php:415
Stack trace:
#0 /Applications/MAMP/htdocs/objective/objective_homework/objective_homework05/index.php(639): createCreature()
#1 {main}
  thrown in /Applications/MAMP/htdocs/objective/objective_homework/objective_homework05/index.php on line 415
[23-Jan-2020 01:15:10 Asia/Tokyo] PHP Notice:  Undefined index: monstercategory in /Applications/MAMP/htdocs/objective/objective_homework/objective_homework05/index.php on line 720
[23-Jan-2020 01:15:12 Asia/Tokyo] POSTされた！
[23-Jan-2020 01:15:12 Asia/Tokyo] PHP Fatal error:  Uncaught Error: Call to undefined function setMonstercategory() in /Applications/MAMP/htdocs/objective/objective_homework/objective_homework05/index.php:415
Stack trace:
#0 /Applications/MAMP/htdocs/objective/objective_homework/objective_homework05/index.php(639): createCreature()
#1 {main}
  thrown in /Applications/MAMP/htdocs/objective/objective_homework/objective_homework05/index.php on line 415
[23-Jan-2020 01:16:52 Asia/Tokyo] PHP Notice:  Undefined index: monstercategory in /Applications/MAMP/htdocs/objective/objective_homework/objective_homework05/index.php on line 722
[23-Jan-2020 01:18:16 Asia/Tokyo] POSTされた！
[23-Jan-2020 01:18:16 Asia/Tokyo] PHP Fatal error:  Uncaught ArgumentCountError: Too few arguments to function Monster::setMonstercategory(), 0 passed in /Applications/MAMP/htdocs/objective/objective_homework/objective_homework05/index.php on line 415 and exactly 1 expected in /Applications/MAMP/htdocs/objective/objective_homework/objective_homework05/index.php:268
Stack trace:
#0 /Applications/MAMP/htdocs/objective/objective_homework/objective_homework05/index.php(415): Monster->setMonstercategory()
#1 /Applications/MAMP/htdocs/objective/objective_homework/objective_homework05/index.php(641): createCreature()
#2 {main}
  thrown in /Applications/MAMP/htdocs/objective/objective_homework/objective_homework05/index.php on line 268
[23-Jan-2020 01:22:50 Asia/Tokyo] PHP Notice:  Undefined index: monstercategory in /Applications/MAMP/htdocs/objective/objective_homework/objective_homework05/index.php on line 725
[23-Jan-2020 01:22:59 Asia/Tokyo] POSTされた！
[23-Jan-2020 01:22:59 Asia/Tokyo] PHP Fatal error:  Uncaught ArgumentCountError: Too few arguments to function Monster::setMonstercategory(), 0 passed in /Applications/MAMP/htdocs/objective/objective_homework/objective_homework05/index.php on line 415 and exactly 1 expected in /Applications/MAMP/htdocs/objective/objective_homework/objective_homework05/index.php:268
Stack trace:
#0 /Applications/MAMP/htdocs/objective/objective_homework/objective_homework05/index.php(415): Monster->setMonstercategory()
#1 /Applications/MAMP/htdocs/objective/objective_homework/objective_homework05/index.php(644): createCreature()
#2 {main}
  thrown in /Applications/MAMP/htdocs/objective/objective_homework/objective_homework05/index.php on line 268
[23-Jan-2020 01:23:26 Asia/Tokyo] PHP Notice:  Undefined index: monstercategory in /Applications/MAMP/htdocs/objective/objective_homework/objective_homework05/index.php on line 725
[23-Jan-2020 01:23:30 Asia/Tokyo] POSTされた！
[23-Jan-2020 01:23:30 Asia/Tokyo] PHP Notice:  Undefined variable: num in /Applications/MAMP/htdocs/objective/objective_homework/objective_homework05/index.php on line 269
[23-Jan-2020 01:23:30 Asia/Tokyo] PHP Notice:  Undefined index: monstercategory in /Applications/MAMP/htdocs/objective/objective_homework/objective_homework05/index.php on line 725
[23-Jan-2020 01:24:11 Asia/Tokyo] POSTされた！
[23-Jan-2020 01:24:11 Asia/Tokyo] PHP Fatal error:  Uncaught ArgumentCountError: Too few arguments to function Monster::setMonstercategory(), 0 passed in /Applications/MAMP/htdocs/objective/objective_homework/objective_homework05/index.php on line 415 and exactly 1 expected in /Applications/MAMP/htdocs/objective/objective_homework/objective_homework05/index.php:268
Stack trace:
#0 /Applications/MAMP/htdocs/objective/objective_homework/objective_homework05/index.php(415): Monster->setMonstercategory()
#1 /Applications/MAMP/htdocs/objective/objective_homework/objective_homework05/index.php(644): createCreature()
#2 {main}
  thrown in /Applications/MAMP/htdocs/objective/objective_homework/objective_homework05/index.php on line 268
[23-Jan-2020 01:35:11 Asia/Tokyo] PHP Notice:  Undefined index: monstercategory in /Applications/MAMP/htdocs/objective/objective_homework/objective_homework05/index.php on line 724
[23-Jan-2020 01:35:23 Asia/Tokyo] POSTされた！
[23-Jan-2020 01:35:23 Asia/Tokyo] PHP Notice:  Undefined index: monstercategory in /Applications/MAMP/htdocs/objective/objective_homework/objective_homework05/index.php on line 724
[23-Jan-2020 01:35:42 Asia/Tokyo] PHP Notice:  Undefined index: monstercategory in /Applications/MAMP/htdocs/objective/objective_homework/objective_homework05/index.php on line 724
[23-Jan-2020 01:35:46 Asia/Tokyo] PHP Notice:  Undefined index: monstercategory in /Applications/MAMP/htdocs/objective/objective_homework/objective_homework05/index.php on line 724
[23-Jan-2020 01:35:57 Asia/Tokyo] POSTされた！
[23-Jan-2020 01:35:57 Asia/Tokyo] PHP Notice:  Undefined index: monstercategory in /Applications/MAMP/htdocs/objective/objective_homework/objective_homework05/index.php on line 724
[23-Jan-2020 01:40:55 Asia/Tokyo] POSTされた！
[23-Jan-2020 01:40:55 Asia/Tokyo] PHP Notice:  Undefined index: knockDownCount in /Applications/MAMP/htdocs/objective/objective_homework/objective_homework05/index.php on line 405
[23-Jan-2020 01:40:55 Asia/Tokyo] PHP Notice:  Undefined index: monstercategory in /Applications/MAMP/htdocs/objective/objective_homework/objective_homework05/index.php on line 727
[23-Jan-2020 01:40:55 Asia/Tokyo] PHP Notice:  Undefined index: knockDownCount in /Applications/MAMP/htdocs/objective/objective_homework/objective_homework05/index.php on line 731
[23-Jan-2020 01:40:55 Asia/Tokyo] PHP Notice:  Undefined index: playertype in /Applications/MAMP/htdocs/objective/objective_homework/objective_homework05/index.php on line 732
[23-Jan-2020 01:40:55 Asia/Tokyo] PHP Notice:  Undefined index: human in /Applications/MAMP/htdocs/objective/objective_homework/objective_homework05/index.php on line 735
[23-Jan-2020 01:40:55 Asia/Tokyo] PHP Fatal error:  Uncaught Error: Call to a member function getHp() on null in /Applications/MAMP/htdocs/objective/objective_homework/objective_homework05/index.php:735
Stack trace:
#0 {main}
  thrown in /Applications/MAMP/htdocs/objective/objective_homework/objective_homework05/index.php on line 735
[23-Jan-2020 01:48:11 Asia/Tokyo] PHP Notice:  Undefined index: monstercategory in /Applications/MAMP/htdocs/objective/objective_homework/objective_homework05/index.php on line 720
[23-Jan-2020 01:48:11 Asia/Tokyo] PHP Notice:  Undefined index: knockDownCount in /Applications/MAMP/htdocs/objective/objective_homework/objective_homework05/index.php on line 724
[23-Jan-2020 01:48:11 Asia/Tokyo] PHP Notice:  Undefined index: playertype in /Applications/MAMP/htdocs/objective/objective_homework/objective_homework05/index.php on line 725
[23-Jan-2020 01:48:11 Asia/Tokyo] PHP Notice:  Undefined index: human in /Applications/MAMP/htdocs/objective/objective_homework/objective_homework05/index.php on line 728
[23-Jan-2020 01:48:11 Asia/Tokyo] PHP Fatal error:  Uncaught Error: Call to a member function getHp() on null in /Applications/MAMP/htdocs/objective/objective_homework/objective_homework05/index.php:728
Stack trace:
#0 {main}
  thrown in /Applications/MAMP/htdocs/objective/objective_homework/objective_homework05/index.php on line 728
[23-Jan-2020 01:48:19 Asia/Tokyo] POSTされた！
[23-Jan-2020 01:48:19 Asia/Tokyo] PHP Notice:  Undefined index: monstercategory in /Applications/MAMP/htdocs/objective/objective_homework/objective_homework05/index.php on line 426
[23-Jan-2020 01:48:19 Asia/Tokyo] PHP Fatal error:  Uncaught Error: Call to a member function getMonstercategory() on null in /Applications/MAMP/htdocs/objective/objective_homework/objective_homework05/index.php:426
Stack trace:
#0 /Applications/MAMP/htdocs/objective/objective_homework/objective_homework05/index.php(445): createCreature()
#1 /Applications/MAMP/htdocs/objective/objective_homework/objective_homework05/index.php(558): init()
#2 {main}
  thrown in /Applications/MAMP/htdocs/objective/objective_homework/objective_homework05/index.php on line 426
[23-Jan-2020 01:50:37 Asia/Tokyo] PHP Notice:  Undefined index: monstercategory in /Applications/MAMP/htdocs/objective/objective_homework/objective_homework05/index.php on line 720
[23-Jan-2020 01:53:00 Asia/Tokyo] PHP Notice:  Undefined index: monstercategory in /Applications/MAMP/htdocs/objective/objective_homework/objective_homework05/index.php on line 720
[23-Jan-2020 01:53:02 Asia/Tokyo] POSTされた！
[23-Jan-2020 01:53:02 Asia/Tokyo] PHP Notice:  Undefined index: monstercategory in /Applications/MAMP/htdocs/objective/objective_homework/objective_homework05/index.php on line 720
[23-Jan-2020 01:53:05 Asia/Tokyo] POSTされた！
[23-Jan-2020 01:53:05 Asia/Tokyo] PHP Notice:  Undefined index: monstercategory in /Applications/MAMP/htdocs/objective/objective_homework/objective_homework05/index.php on line 720
[23-Jan-2020 01:53:13 Asia/Tokyo] POSTされた！
[23-Jan-2020 01:53:13 Asia/Tokyo] PHP Notice:  Undefined index: monstercategory in /Applications/MAMP/htdocs/objective/objective_homework/objective_homework05/index.php on line 426
[23-Jan-2020 01:53:13 Asia/Tokyo] PHP Fatal error:  Uncaught Error: Call to a member function getMonstercategory() on null in /Applications/MAMP/htdocs/objective/objective_homework/objective_homework05/index.php:426
Stack trace:
#0 /Applications/MAMP/htdocs/objective/objective_homework/objective_homework05/index.php(639): createCreature()
#1 {main}
  thrown in /Applications/MAMP/htdocs/objective/objective_homework/objective_homework05/index.php on line 426
